AH00558: apache2: Could not reliably determine the server's fully qualified domain name, using 172.18.0.4. Set the 'ServerName' directive globally to suppress this message
[Wed Sep 10 07:51:49.376982 2025] [mpm_prefork:notice] [pid 1:tid 1] AH00163: Apache/2.4.65 (Debian) PHP/8.2.29 configured -- resuming normal operations
[Wed Sep 10 07:51:49.377323 2025] [core:notice] [pid 1:tid 1] AH00094: Command line: 'apache2 -D FOREGROUND'
[Wed Sep 10 07:55:15.361195 2025] [mpm_prefork:notice] [pid 1:tid 1] AH00170: caught SIGWINCH, shutting down gracefully
AH00558: apache2: Could not reliably determine the server's fully qualified domain name, using 172.18.0.4. Set the 'ServerName' directive globally to suppress this message
[Wed Sep 10 07:55:16.981921 2025] [mpm_prefork:notice] [pid 1:tid 1] AH00163: Apache/2.4.65 (Debian) PHP/8.2.29 configured -- resuming normal operations
[Wed Sep 10 07:55:16.982185 2025] [core:notice] [pid 1:tid 1] AH00094: Command line: 'apache2 -D FOREGROUND'
[Wed Sep 10 07:59:41.011551 2025] [php:notice] [pid 21:tid 21] [client 172.18.0.1:47954] Chart data error: Unknown column 's.amount' in 'field list', referer: http://localhost:8080/
[Wed Sep 10 07:59:43.811088 2025] [php:notice] [pid 21:tid 21] [client 172.18.0.1:47954] Chart data error: Unknown column 's.amount' in 'field list', referer: http://localhost:8080/
AH00558: apache2: Could not reliably determine the server's fully qualified domain name, using 172.18.0.4. Set the 'ServerName' directive globally to suppress this message
[Mon Sep 15 11:17:01.535797 2025] [mpm_prefork:notice] [pid 1:tid 1] AH00163: Apache/2.4.65 (Debian) PHP/8.2.29 configured -- resuming normal operations
[Mon Sep 15 11:17:01.536047 2025] [core:notice] [pid 1:tid 1] AH00094: Command line: 'apache2 -D FOREGROUND'
[Mon Sep 15 11:19:12.698514 2025] [php:notice] [pid 17:tid 17] [client 172.18.0.1:39836] Chart data error: Unknown column 's.amount' in 'field list', referer: http://localhost:8080/
[Mon Sep 15 11:19:59.273559 2025] [php:notice] [pid 19:tid 19] [client 172.18.0.1:49466] Chart data error: Unknown column 's.amount' in 'field list', referer: http://localhost:8080/
[Mon Sep 15 11:28:05.586913 2025] [php:notice] [pid 22:tid 22] [client 172.18.0.1:43186] Chart data error: Unknown column 's.amount' in 'field list', referer: http://localhost:8080/
AH00558: apache2: Could not reliably determine the server's fully qualified domain name, using 172.18.0.4. Set the 'ServerName' directive globally to suppress this message
[Thu Sep 18 04:11:42.556278 2025] [mpm_prefork:notice] [pid 1:tid 1] AH00163: Apache/2.4.65 (Debian) PHP/8.2.29 configured -- resuming normal operations
[Thu Sep 18 04:11:42.556919 2025] [core:notice] [pid 1:tid 1] AH00094: Command line: 'apache2 -D FOREGROUND'
AH00558: apache2: Could not reliably determine the server's fully qualified domain name, using 172.18.0.4. Set the 'ServerName' directive globally to suppress this message
[Thu Sep 18 05:19:32.754559 2025] [mpm_prefork:notice] [pid 1:tid 1] AH00163: Apache/2.4.65 (Debian) PHP/8.2.29 configured -- resuming normal operations
[Thu Sep 18 05:19:32.754824 2025] [core:notice] [pid 1:tid 1] AH00094: Command line: 'apache2 -D FOREGROUND'
[Thu Sep 18 05:20:48.142118 2025] [mpm_prefork:notice] [pid 1:tid 1] AH00170: caught SIGWINCH, shutting down gracefully
AH00558: apache2: Could not reliably determine the server's fully qualified domain name, using 172.18.0.4. Set the 'ServerName' directive globally to suppress this message
[Thu Sep 18 06:48:35.550188 2025] [mpm_prefork:notice] [pid 1:tid 1] AH00163: Apache/2.4.65 (Debian) PHP/8.2.29 configured -- resuming normal operations
[Thu Sep 18 06:48:35.550414 2025] [core:notice] [pid 1:tid 1] AH00094: Command line: 'apache2 -D FOREGROUND'
[Thu Sep 18 07:02:26.351417 2025] [mpm_prefork:notice] [pid 1:tid 1] AH00170: caught SIGWINCH, shutting down gracefully
AH00558: apache2: Could not reliably determine the server's fully qualified domain name, using 172.18.0.4. Set the 'ServerName' directive globally to suppress this message
[Sat Sep 20 14:49:58.036512 2025] [mpm_prefork:notice] [pid 1:tid 1] AH00163: Apache/2.4.65 (Debian) PHP/8.2.29 configured -- resuming normal operations
[Sat Sep 20 14:49:58.037505 2025] [core:notice] [pid 1:tid 1] AH00094: Command line: 'apache2 -D FOREGROUND'
[Sat Sep 20 14:50:41.210947 2025] [mpm_prefork:notice] [pid 1:tid 1] AH00170: caught SIGWINCH, shutting down gracefully
AH00558: apache2: Could not reliably determine the server's fully qualified domain name, using 172.18.0.4. Set the 'ServerName' directive globally to suppress this message
[Tue Oct 21 10:33:25.474831 2025] [mpm_prefork:notice] [pid 1:tid 1] AH00163: Apache/2.4.65 (Debian) PHP/8.2.29 configured -- resuming normal operations
[Tue Oct 21 10:33:25.475081 2025] [core:notice] [pid 1:tid 1] AH00094: Command line: 'apache2 -D FOREGROUND'
[Tue Oct 21 11:10:32.123552 2025] [mpm_prefork:notice] [pid 1:tid 1] AH00170: caught SIGWINCH, shutting down gracefully
AH00558: apache2: Could not reliably determine the server's fully qualified domain name, using 172.18.0.4. Set the 'ServerName' directive globally to suppress this message
[Sat Oct 25 13:58:01.335021 2025] [mpm_prefork:notice] [pid 1:tid 1] AH00163: Apache/2.4.65 (Debian) PHP/8.2.29 configured -- resuming normal operations
[Sat Oct 25 13:58:01.335493 2025] [core:notice] [pid 1:tid 1] AH00094: Command line: 'apache2 -D FOREGROUND'
[Sat Oct 25 14:03:56.968254 2025] [mpm_prefork:notice] [pid 1:tid 1] AH00170: caught SIGWINCH, shutting down gracefully
AH00558: apache2: Could not reliably determine the server's fully qualified domain name, using 172.18.0.4. Set the 'ServerName' directive globally to suppress this message
[Sun Oct 26 15:02:38.685078 2025] [mpm_prefork:notice] [pid 1:tid 1] AH00163: Apache/2.4.65 (Debian) PHP/8.2.29 configured -- resuming normal operations
[Sun Oct 26 15:02:38.685315 2025] [core:notice] [pid 1:tid 1] AH00094: Command line: 'apache2 -D FOREGROUND'
[Sun Oct 26 15:03:42.305264 2025] [mpm_prefork:notice] [pid 1:tid 1] AH00170: caught SIGWINCH, shutting down gracefully
AH00558: apache2: Could not reliably determine the server's fully qualified domain name, using 172.18.0.4. Set the 'ServerName' directive globally to suppress this message
[Tue Oct 28 13:51:56.806557 2025] [mpm_prefork:notice] [pid 1:tid 1] AH00163: Apache/2.4.65 (Debian) PHP/8.2.29 configured -- resuming normal operations
[Tue Oct 28 13:51:56.806827 2025] [core:notice] [pid 1:tid 1] AH00094: Command line: 'apache2 -D FOREGROUND'
[Tue Oct 28 13:59:16.662048 2025] [mpm_prefork:notice] [pid 1:tid 1] AH00170: caught SIGWINCH, shutting down gracefully
AH00558: apache2: Could not reliably determine the server's fully qualified domain name, using 172.18.0.4. Set the 'ServerName' directive globally to suppress this message
[Wed Oct 29 08:33:56.719124 2025] [mpm_prefork:notice] [pid 1:tid 1] AH00163: Apache/2.4.65 (Debian) PHP/8.2.29 configured -- resuming normal operations
[Wed Oct 29 08:33:56.719406 2025] [core:notice] [pid 1:tid 1] AH00094: Command line: 'apache2 -D FOREGROUND'
[Wed Oct 29 08:39:33.892207 2025] [mpm_prefork:notice] [pid 1:tid 1] AH00170: caught SIGWINCH, shutting down gracefully
AH00558: apache2: Could not reliably determine the server's fully qualified domain name, using 172.18.0.4. Set the 'ServerName' directive globally to suppress this message
[Fri Oct 31 11:18:02.763852 2025] [mpm_prefork:notice] [pid 1:tid 1] AH00163: Apache/2.4.65 (Debian) PHP/8.2.29 configured -- resuming normal operations
[Fri Oct 31 11:18:02.764157 2025] [core:notice] [pid 1:tid 1] AH00094: Command line: 'apache2 -D FOREGROUND'
AH00558: apache2: Could not reliably determine the server's fully qualified domain name, using 172.18.0.4. Set the 'ServerName' directive globally to suppress this message
[Fri Oct 31 15:00:20.451219 2025] [mpm_prefork:notice] [pid 1:tid 1] AH00163: Apache/2.4.65 (Debian) PHP/8.2.29 configured -- resuming normal operations
[Fri Oct 31 15:00:20.451455 2025] [core:notice] [pid 1:tid 1] AH00094: Command line: 'apache2 -D FOREGROUND'
[Fri Oct 31 15:35:46.926646 2025] [mpm_prefork:notice] [pid 1:tid 1] AH00170: caught SIGWINCH, shutting down gracefully
AH00558: apache2: Could not reliably determine the server's fully qualified domain name, using 172.18.0.4. Set the 'ServerName' directive globally to suppress this message
[Thu Nov 06 14:23:59.792255 2025] [mpm_prefork:notice] [pid 1:tid 1] AH00163: Apache/2.4.65 (Debian) PHP/8.2.29 configured -- resuming normal operations
[Thu Nov 06 14:23:59.792473 2025] [core:notice] [pid 1:tid 1] AH00094: Command line: 'apache2 -D FOREGROUND'
[Thu Nov 06 14:45:14.310053 2025] [mpm_prefork:notice] [pid 1:tid 1] AH00170: caught SIGWINCH, shutting down gracefully
